2022-10-23 10:19:15,047: INFO: ====== WebDriver manager ======
2022-10-23 10:19:27,292: INFO: Get LATEST chromedriver version for google-chrome 106.0.5249
2022-10-23 10:19:30,002: INFO: About to download new driver from https://chromedriver.storage.googleapis.com/106.0.5249.61/chromedriver_win32.zip
2022-10-23 10:19:33,991: INFO: Driver has been saved in cache [C:\Users\gogul\.wdm\drivers\chromedriver\win32\106.0.5249]
2022-10-23 10:19:55,001: INFO: Navigating to https://opensource-demo.orangehrmlive.com/
2022-10-23 10:19:58,018: INFO: https://opensource-demo.orangehrmlive.com/ is opened
2022-10-23 10:19:58,019: INFO: Searching for element by xpath //input[@placeholder='Username']
2022-10-23 10:19:59,680: INFO: Element by xpath //input[@placeholder='Username'] was found
2022-10-23 10:19:59,689: INFO: None value is changing
2022-10-23 10:19:59,880: INFO: None was changed
2022-10-23 10:19:59,880: INFO: Searching for element by xpath //input[@placeholder='Password']
2022-10-23 10:19:59,908: INFO: Element by xpath //input[@placeholder='Password'] was found
2022-10-23 10:19:59,914: INFO: None value is changing
2022-10-23 10:20:00,046: INFO: None was changed
2022-10-23 10:20:00,046: INFO: Searching for element by xpath //button[normalize-space()='Login']
2022-10-23 10:20:00,072: INFO: Element by xpath //button[normalize-space()='Login'] was found
2022-10-23 10:20:00,090: INFO: Clicking on oxd-button oxd-button--medium oxd-button--main orangehrm-login-button
2022-10-23 10:20:07,382: INFO: Driver is quitting
2022-10-23 10:20:10,303: INFO: Driver quited
2022-10-23 10:20:53,133: INFO: ====== WebDriver manager ======
2022-10-23 10:21:00,973: INFO: Get LATEST chromedriver version for google-chrome 106.0.5249
2022-10-23 10:21:03,145: INFO: Driver [C:\Users\gogul\.wdm\drivers\chromedriver\win32\106.0.5249\chromedriver.exe] found in cache
2022-10-23 10:21:05,762: INFO: Navigating to https://opensource-demo.orangehrmlive.com/
2022-10-23 10:21:10,380: INFO: https://opensource-demo.orangehrmlive.com/ is opened
2022-10-23 10:21:10,380: INFO: Searching for element by xpath //input[@placeholder='Username']
2022-10-23 10:21:11,140: INFO: Element by xpath //input[@placeholder='Username'] was found
2022-10-23 10:21:11,153: INFO: None value is changing
2022-10-23 10:21:11,237: INFO: None was changed
2022-10-23 10:21:11,237: INFO: Searching for element by xpath //input[@placeholder='Password']
2022-10-23 10:21:11,264: INFO: Element by xpath //input[@placeholder='Password'] was found
2022-10-23 10:21:11,278: INFO: None value is changing
2022-10-23 10:21:11,395: INFO: None was changed
2022-10-23 10:21:11,395: INFO: Searching for element by xpath //button[normalize-space()='Login']
2022-10-23 10:21:11,449: INFO: Element by xpath //button[normalize-space()='Login'] was found
2022-10-23 10:21:11,502: INFO: Clicking on oxd-button oxd-button--medium oxd-button--main orangehrm-login-button
2022-10-23 10:21:15,114: INFO: Driver is quitting
2022-10-23 10:21:17,471: INFO: Driver quited
2022-10-23 10:21:33,515: INFO: ====== WebDriver manager ======
2022-10-23 10:21:35,875: INFO: Get LATEST chromedriver version for google-chrome 106.0.5249
2022-10-23 10:21:38,118: INFO: Driver [C:\Users\gogul\.wdm\drivers\chromedriver\win32\106.0.5249\chromedriver.exe] found in cache
2022-10-23 10:21:41,243: INFO: Navigating to https://opensource-demo.orangehrmlive.com/
2022-10-23 10:21:45,870: INFO: https://opensource-demo.orangehrmlive.com/ is opened
2022-10-23 10:21:45,870: INFO: Searching for element by xpath //input[@placeholder='Username']
2022-10-23 10:21:46,468: INFO: Element by xpath //input[@placeholder='Username'] was found
2022-10-23 10:21:46,479: INFO: None value is changing
2022-10-23 10:21:46,571: INFO: None was changed
2022-10-23 10:21:46,571: INFO: Searching for element by xpath //input[@placeholder='Password']
2022-10-23 10:21:46,602: INFO: Element by xpath //input[@placeholder='Password'] was found
2022-10-23 10:21:46,608: INFO: None value is changing
2022-10-23 10:21:46,744: INFO: None was changed
2022-10-23 10:21:46,744: INFO: Searching for element by xpath //button[normalize-space()='Login']
2022-10-23 10:21:46,773: INFO: Element by xpath //button[normalize-space()='Login'] was found
2022-10-23 10:21:46,788: INFO: Clicking on oxd-button oxd-button--medium oxd-button--main orangehrm-login-button
2022-10-23 10:21:50,639: INFO: Driver is quitting
2022-10-23 10:21:53,037: INFO: Driver quited
2022-10-23 10:28:10,385: INFO: ====== WebDriver manager ======
2022-10-23 10:28:22,772: INFO: Get LATEST chromedriver version for google-chrome 106.0.5249
2022-10-23 10:28:25,375: INFO: Driver [C:\Users\gogul\.wdm\drivers\chromedriver\win32\106.0.5249\chromedriver.exe] found in cache
2022-10-23 10:28:49,923: INFO: Navigating to https://opensource-demo.orangehrmlive.com/
2022-10-23 10:28:53,463: INFO: https://opensource-demo.orangehrmlive.com/ is opened
2022-10-23 10:28:53,464: INFO: Searching for element by xpath //input[@placeholder='Username']
2022-10-23 10:28:54,956: INFO: Element by xpath //input[@placeholder='Username'] was found
2022-10-23 10:28:54,977: INFO: None value is changing
2022-10-23 10:28:55,268: INFO: None was changed
2022-10-23 10:28:55,268: INFO: Searching for element by xpath //input[@placeholder='Password']
2022-10-23 10:28:55,325: INFO: Element by xpath //input[@placeholder='Password'] was found
2022-10-23 10:28:55,349: INFO: None value is changing
2022-10-23 10:28:55,571: INFO: None was changed
2022-10-23 10:28:55,571: INFO: Searching for element by xpath //button[normalize-space()='Login']
2022-10-23 10:28:55,596: INFO: Element by xpath //button[normalize-space()='Login'] was found
2022-10-23 10:28:55,625: INFO: Clicking on oxd-button oxd-button--medium oxd-button--main orangehrm-login-button
2022-10-23 10:29:00,574: INFO: Driver is quitting
2022-10-23 10:29:03,427: INFO: Driver quited
2022-10-23 10:29:07,898: INFO: ====== WebDriver manager ======
2022-10-23 10:29:12,447: INFO: Get LATEST chromedriver version for google-chrome 106.0.5249
2022-10-23 10:29:14,776: INFO: Driver [C:\Users\gogul\.wdm\drivers\chromedriver\win32\106.0.5249\chromedriver.exe] found in cache
2022-10-23 10:29:19,626: INFO: Navigating to https://opensource-demo.orangehrmlive.com/
2022-10-23 10:29:26,650: INFO: https://opensource-demo.orangehrmlive.com/ is opened
2022-10-23 10:29:26,650: INFO: Searching for element by xpath //input[@placeholder='Username']
2022-10-23 10:29:27,652: INFO: Element by xpath //input[@placeholder='Username'] was found
2022-10-23 10:29:27,675: INFO: None value is changing
2022-10-23 10:29:27,766: INFO: None was changed
2022-10-23 10:29:27,766: INFO: Searching for element by xpath //input[@placeholder='Password']
2022-10-23 10:29:27,803: INFO: Element by xpath //input[@placeholder='Password'] was found
2022-10-23 10:29:27,832: INFO: None value is changing
2022-10-23 10:29:28,003: INFO: None was changed
2022-10-23 10:29:28,003: INFO: Searching for element by xpath //button[normalize-space()='Login']
2022-10-23 10:29:28,080: INFO: Element by xpath //button[normalize-space()='Login'] was found
2022-10-23 10:29:28,106: INFO: Clicking on oxd-button oxd-button--medium oxd-button--main orangehrm-login-button
2022-10-23 10:29:31,968: INFO: Driver is quitting
2022-10-23 10:29:34,266: INFO: Driver quited
2022-10-23 10:36:13,052: INFO: ====== WebDriver manager ======
2022-10-23 10:36:15,960: INFO: Get LATEST chromedriver version for google-chrome 106.0.5249
2022-10-23 10:36:18,149: INFO: Driver [C:\Users\gogul\.wdm\drivers\chromedriver\win32\106.0.5249\chromedriver.exe] found in cache
2022-10-23 10:36:20,319: INFO: Navigating to https://opensource-demo.orangehrmlive.com/
2022-10-23 10:36:25,595: INFO: https://opensource-demo.orangehrmlive.com/ is opened
2022-10-23 10:36:25,595: INFO: Searching for element by xpath //input[@placeholder='Username']
2022-10-23 10:36:26,415: INFO: Element by xpath //input[@placeholder='Username'] was found
2022-10-23 10:36:26,424: INFO: None value is changing
2022-10-23 10:36:26,504: INFO: None was changed
2022-10-23 10:36:26,504: INFO: Searching for element by xpath //input[@placeholder='Password']
2022-10-23 10:36:26,529: INFO: Element by xpath //input[@placeholder='Password'] was found
2022-10-23 10:36:26,537: INFO: None value is changing
2022-10-23 10:36:26,689: INFO: None was changed
2022-10-23 10:36:26,689: INFO: Searching for element by xpath //button[normalize-space()='Login']
2022-10-23 10:36:26,758: INFO: Element by xpath //button[normalize-space()='Login'] was found
2022-10-23 10:36:26,778: INFO: Clicking on oxd-button oxd-button--medium oxd-button--main orangehrm-login-button
2022-10-23 10:36:32,063: INFO: Driver is quitting
2022-10-23 10:36:34,416: INFO: Driver quited
2022-10-23 10:43:07,939: INFO: ====== WebDriver manager ======
2022-10-23 10:43:19,500: INFO: Get LATEST chromedriver version for google-chrome 106.0.5249
2022-10-23 10:43:23,948: INFO: Driver [C:\Users\gogul\.wdm\drivers\chromedriver\win32\106.0.5249\chromedriver.exe] found in cache
2022-10-23 10:43:40,999: INFO: Navigating to https://opensource-demo.orangehrmlive.com/
2022-10-23 10:43:44,698: INFO: https://opensource-demo.orangehrmlive.com/ is opened
2022-10-23 10:43:44,698: INFO: Searching for element by xpath //input[@placeholder='Username']
2022-10-23 10:43:45,686: INFO: Element by xpath //input[@placeholder='Username'] was found
2022-10-23 10:43:45,696: INFO: None value is changing
2022-10-23 10:43:45,841: INFO: None was changed
2022-10-23 10:43:45,841: INFO: Searching for element by xpath //input[@placeholder='Password']
2022-10-23 10:43:45,870: INFO: Element by xpath //input[@placeholder='Password'] was found
2022-10-23 10:43:45,877: INFO: None value is changing
2022-10-23 10:43:46,173: INFO: None was changed
2022-10-23 10:43:46,173: INFO: Searching for element by tag name button
2022-10-23 10:43:56,962: INFO: Driver is quitting
2022-10-23 10:43:59,717: INFO: Driver quited
2022-10-23 10:45:08,935: INFO: ====== WebDriver manager ======
2022-10-23 10:45:14,141: INFO: Get LATEST chromedriver version for google-chrome 106.0.5249
2022-10-23 10:45:16,446: INFO: Driver [C:\Users\gogul\.wdm\drivers\chromedriver\win32\106.0.5249\chromedriver.exe] found in cache
2022-10-23 10:45:21,782: INFO: Navigating to https://opensource-demo.orangehrmlive.com/
2022-10-23 10:45:31,010: INFO: https://opensource-demo.orangehrmlive.com/ is opened
2022-10-23 10:45:31,011: INFO: Searching for element by xpath //input[@placeholder='Username']
2022-10-23 10:45:32,274: INFO: Element by xpath //input[@placeholder='Username'] was found
2022-10-23 10:45:32,287: INFO: None value is changing
2022-10-23 10:45:32,367: INFO: None was changed
2022-10-23 10:45:32,367: INFO: Searching for element by xpath //input[@placeholder='Password']
2022-10-23 10:45:32,404: INFO: Element by xpath //input[@placeholder='Password'] was found
2022-10-23 10:45:32,412: INFO: None value is changing
2022-10-23 10:45:32,532: INFO: None was changed
2022-10-23 10:45:32,533: INFO: Searching for element by tag name button
2022-10-23 10:45:43,264: INFO: Driver is quitting
2022-10-23 10:45:47,258: INFO: Driver quited
2022-10-23 10:46:23,167: INFO: ====== WebDriver manager ======
2022-10-23 10:46:28,238: INFO: Get LATEST chromedriver version for google-chrome 106.0.5249
2022-10-23 10:46:30,384: INFO: Driver [C:\Users\gogul\.wdm\drivers\chromedriver\win32\106.0.5249\chromedriver.exe] found in cache
2022-10-23 10:46:35,213: INFO: Navigating to https://opensource-demo.orangehrmlive.com/
2022-10-23 10:46:41,777: INFO: https://opensource-demo.orangehrmlive.com/ is opened
2022-10-23 10:46:41,778: INFO: Searching for element by xpath //input[@placeholder='Username']
2022-10-23 10:46:42,772: INFO: Element by xpath //input[@placeholder='Username'] was found
2022-10-23 10:46:42,783: INFO: None value is changing
2022-10-23 10:46:43,026: INFO: None was changed
2022-10-23 10:46:43,026: INFO: Searching for element by xpath //input[@placeholder='Password']
2022-10-23 10:46:43,057: INFO: Element by xpath //input[@placeholder='Password'] was found
2022-10-23 10:46:43,065: INFO: None value is changing
2022-10-23 10:46:43,358: INFO: None was changed
2022-10-23 10:46:43,358: INFO: Searching for element by xpath //button
2022-10-23 10:46:43,393: INFO: Element by xpath //button was found
2022-10-23 10:46:43,408: INFO: Clicking on oxd-button oxd-button--medium oxd-button--main orangehrm-login-button
2022-10-23 10:46:47,245: INFO: Driver is quitting
2022-10-23 10:46:49,615: INFO: Driver quited
2022-10-23 11:04:29,434: INFO: ====== WebDriver manager ======
2022-10-23 11:04:40,802: INFO: Get LATEST chromedriver version for google-chrome 106.0.5249
2022-10-23 11:04:44,345: INFO: Driver [C:\Users\gogul\.wdm\drivers\chromedriver\win32\106.0.5249\chromedriver.exe] found in cache
2022-10-23 11:05:08,259: INFO: Navigating to https://opensource-demo.orangehrmlive.com/
2022-10-23 11:05:12,385: INFO: https://opensource-demo.orangehrmlive.com/ is opened
2022-10-23 11:05:12,385: INFO: Searching for element by xpath //input[@placeholder='Username']
2022-10-23 11:05:23,251: INFO: Element by xpath //input[@placeholder='Username'] was found
2022-10-23 11:05:23,262: INFO: None value is changing
2022-10-23 11:05:23,707: INFO: None was changed
2022-10-23 11:05:23,707: INFO: Searching for element by xpath //input[@placeholder='Password']
2022-10-23 11:05:23,736: INFO: Element by xpath //input[@placeholder='Password'] was found
2022-10-23 11:05:23,745: INFO: None value is changing
2022-10-23 11:05:24,098: INFO: None was changed
2022-10-23 11:05:24,099: INFO: Searching for element by xpath //button
2022-10-23 11:05:24,152: INFO: Element by xpath //button was found
2022-10-23 11:05:24,194: INFO: Clicking on oxd-button oxd-button--medium oxd-button--main orangehrm-login-button
2022-10-23 11:05:30,114: INFO: Driver is quitting
2022-10-23 11:05:32,752: INFO: Driver quited
2022-10-23 12:46:26,370: INFO: ====== WebDriver manager ======
2022-10-23 12:47:00,496: INFO: Get LATEST chromedriver version for google-chrome 106.0.5249
2022-10-23 12:47:16,217: INFO: Driver [C:\Users\gogul\.wdm\drivers\chromedriver\win32\106.0.5249\chromedriver.exe] found in cache
2022-10-23 12:48:05,946: INFO: Navigating to https://opensource-demo.orangehrmlive.com/
2022-10-23 12:48:09,250: INFO: https://opensource-demo.orangehrmlive.com/ is opened
2022-10-23 12:48:09,250: INFO: Searching for element by xpath //input[@placeholder='Username']
2022-10-23 12:48:10,388: INFO: Element by xpath //input[@placeholder='Username'] was found
2022-10-23 12:48:10,402: INFO: None value is changing
2022-10-23 12:48:10,527: INFO: None was changed
2022-10-23 12:48:10,527: INFO: Searching for element by xpath //input[@placeholder='Password']
2022-10-23 12:48:10,586: INFO: Element by xpath //input[@placeholder='Password'] was found
2022-10-23 12:48:10,599: INFO: None value is changing
2022-10-23 12:48:10,772: INFO: None was changed
2022-10-23 12:48:10,772: INFO: Searching for element by xpath //button
2022-10-23 12:48:10,829: INFO: Element by xpath //button was found
2022-10-23 12:48:10,853: INFO: Clicking on oxd-button oxd-button--medium oxd-button--main orangehrm-login-button
2022-10-23 12:48:15,248: INFO: Driver is quitting
2022-10-23 12:48:18,431: INFO: Driver quited
2022-10-23 12:49:17,859: INFO: ====== WebDriver manager ======
2022-10-23 12:49:46,821: INFO: Get LATEST chromedriver version for google-chrome 106.0.5249
2022-10-23 12:49:51,893: INFO: Driver [C:\Users\gogul\.wdm\drivers\chromedriver\win32\106.0.5249\chromedriver.exe] found in cache
2022-10-23 12:49:56,126: INFO: Navigating to https://opensource-demo.orangehrmlive.com/
2022-10-23 12:50:06,720: INFO: https://opensource-demo.orangehrmlive.com/ is opened
2022-10-23 12:50:06,721: INFO: Searching for element by xpath //input[@placeholder='Username']
2022-10-23 12:50:08,449: INFO: Element by xpath //input[@placeholder='Username'] was found
2022-10-23 12:50:08,465: INFO: None value is changing
2022-10-23 12:50:08,601: INFO: None was changed
2022-10-23 12:50:08,602: INFO: Searching for element by xpath //input[@placeholder='Password']
2022-10-23 12:50:08,650: INFO: Element by xpath //input[@placeholder='Password'] was found
2022-10-23 12:50:08,665: INFO: None value is changing
2022-10-23 12:50:08,944: INFO: None was changed
2022-10-23 12:50:08,944: INFO: Searching for element by xpath //button
2022-10-23 12:50:09,091: INFO: Element by xpath //button was found
2022-10-23 12:50:09,129: INFO: Clicking on oxd-button oxd-button--medium oxd-button--main orangehrm-login-button
2022-10-23 12:50:12,498: INFO: Driver is quitting
2022-10-23 12:50:15,487: INFO: Driver quited
2022-10-23 12:51:24,571: INFO: ====== WebDriver manager ======
2022-10-23 12:51:28,835: INFO: Get LATEST chromedriver version for google-chrome 106.0.5249
2022-10-23 12:51:32,766: INFO: Driver [C:\Users\gogul\.wdm\drivers\chromedriver\win32\106.0.5249\chromedriver.exe] found in cache
2022-10-23 12:51:34,965: INFO: Navigating to https://opensource-demo.orangehrmlive.com/
2022-10-23 12:51:40,548: INFO: https://opensource-demo.orangehrmlive.com/ is opened
2022-10-23 12:51:40,549: INFO: Searching for element by xpath //input[@placeholder='Username']
2022-10-23 12:51:41,303: INFO: Element by xpath //input[@placeholder='Username'] was found
2022-10-23 12:51:41,320: INFO: None value is changing
2022-10-23 12:51:41,457: INFO: None was changed
2022-10-23 12:51:41,457: INFO: Searching for element by xpath //input[@placeholder='Password']
2022-10-23 12:51:41,515: INFO: Element by xpath //input[@placeholder='Password'] was found
2022-10-23 12:51:41,527: INFO: None value is changing
2022-10-23 12:51:41,789: INFO: None was changed
2022-10-23 12:51:41,790: INFO: Searching for element by xpath //button
2022-10-23 12:51:41,843: INFO: Element by xpath //button was found
2022-10-23 12:51:41,931: INFO: Clicking on oxd-button oxd-button--medium oxd-button--main orangehrm-login-button
2022-10-23 12:51:44,410: INFO: Driver is quitting
2022-10-23 12:51:47,171: INFO: Driver quited
2022-10-23 13:22:11,746: INFO: ====== WebDriver manager ======
2022-10-23 13:22:17,994: INFO: Get LATEST chromedriver version for google-chrome 106.0.5249
2022-10-23 13:22:20,863: INFO: Driver [C:\Users\gogul\.wdm\drivers\chromedriver\win32\106.0.5249\chromedriver.exe] found in cache
2022-10-23 13:23:14,483: INFO: Navigating to https://opensource-demo.orangehrmlive.com/
2022-10-23 13:23:24,131: INFO: https://opensource-demo.orangehrmlive.com/ is opened
2022-10-23 13:23:24,132: INFO: Searching for element by xpath //input[@placeholder='Username']
2022-10-23 13:23:28,104: INFO: Element by xpath //input[@placeholder='Username'] was found
2022-10-23 13:23:28,445: INFO: None value is changing
2022-10-23 13:23:29,602: INFO: None was changed
2022-10-23 13:23:29,603: INFO: Searching for element by xpath //input[@placeholder='Password']
2022-10-23 13:23:29,664: INFO: Element by xpath //input[@placeholder='Password'] was found
2022-10-23 13:23:29,671: INFO: None value is changing
2022-10-23 13:23:29,991: INFO: None was changed
2022-10-23 13:23:29,992: INFO: Searching for element by xpath //button
2022-10-23 13:23:30,135: INFO: Element by xpath //button was found
2022-10-23 13:23:30,157: INFO: Clicking on oxd-button oxd-button--medium oxd-button--main orangehrm-login-button
2022-10-23 13:23:36,128: INFO: Driver is quitting
2022-10-23 13:23:40,401: INFO: Driver quited
2022-10-23 13:31:49,599: INFO: ====== WebDriver manager ======
2022-10-23 13:31:58,333: INFO: Get LATEST chromedriver version for google-chrome 106.0.5249
2022-10-23 13:32:01,087: INFO: Driver [C:\Users\gogul\.wdm\drivers\chromedriver\win32\106.0.5249\chromedriver.exe] found in cache
2022-10-23 13:32:19,180: INFO: Navigating to https://opensource-demo.orangehrmlive.com/
2022-10-23 13:32:22,661: INFO: https://opensource-demo.orangehrmlive.com/ is opened
2022-10-23 13:32:22,663: INFO: Searching for element by xpath //input[@placeholder='Username']
2022-10-23 13:32:24,161: INFO: Element by xpath //input[@placeholder='Username'] was found
2022-10-23 13:32:24,170: INFO: None value is changing
2022-10-23 13:32:24,485: INFO: None was changed
2022-10-23 13:32:24,486: INFO: Searching for element by xpath //input[@placeholder='Password']
2022-10-23 13:32:24,522: INFO: Element by xpath //input[@placeholder='Password'] was found
2022-10-23 13:32:24,532: INFO: None value is changing
2022-10-23 13:32:24,804: INFO: None was changed
2022-10-23 13:32:24,805: INFO: Searching for element by xpath //button
2022-10-23 13:32:24,833: INFO: Element by xpath //button was found
2022-10-23 13:32:24,852: INFO: Clicking on oxd-button oxd-button--medium oxd-button--main orangehrm-login-button
2022-10-23 13:32:27,504: INFO: Driver is quitting
2022-10-23 13:32:31,133: INFO: Driver quited
2022-10-23 13:40:10,690: INFO: ====== WebDriver manager ======
2022-10-23 13:40:23,196: INFO: Get LATEST chromedriver version for google-chrome 106.0.5249
2022-10-23 13:40:26,791: INFO: Driver [C:\Users\gogul\.wdm\drivers\chromedriver\win32\106.0.5249\chromedriver.exe] found in cache
2022-10-23 13:40:55,989: INFO: Navigating to https://opensource-demo.orangehrmlive.com/
2022-10-23 13:41:02,657: INFO: https://opensource-demo.orangehrmlive.com/ is opened
2022-10-23 13:41:02,659: INFO: Searching for element by xpath //input[@placeholder='Username']
2022-10-23 13:41:05,939: INFO: Element by xpath //input[@placeholder='Username'] was found
2022-10-23 13:41:06,027: INFO: None value is changing
2022-10-23 13:41:06,866: INFO: None was changed
2022-10-23 13:41:06,868: INFO: Searching for element by xpath //input[@placeholder='Password']
2022-10-23 13:41:06,931: INFO: Element by xpath //input[@placeholder='Password'] was found
2022-10-23 13:41:06,941: INFO: None value is changing
2022-10-23 13:41:07,255: INFO: None was changed
2022-10-23 13:41:07,256: INFO: Searching for element by xpath //button
2022-10-23 13:41:07,326: INFO: Element by xpath //button was found
2022-10-23 13:41:07,399: INFO: Clicking on oxd-button oxd-button--medium oxd-button--main orangehrm-login-button
2022-10-23 13:41:13,109: INFO: Searching for element by xpath //input[@placeholder='Username']
2022-10-23 13:41:13,157: INFO: Element by xpath //input[@placeholder='Username'] was found
2022-10-23 13:41:13,165: INFO: None value is changing
2022-10-23 13:41:13,564: INFO: None was changed
2022-10-23 13:41:13,565: INFO: Searching for element by xpath //input[@placeholder='Password']
2022-10-23 13:41:13,593: INFO: Element by xpath //input[@placeholder='Password'] was found
2022-10-23 13:41:13,606: INFO: None value is changing
2022-10-23 13:41:13,707: INFO: None was changed
2022-10-23 13:41:13,708: INFO: Searching for element by xpath //button
2022-10-23 13:41:13,733: INFO: Element by xpath //button was found
2022-10-23 13:41:13,755: INFO: Clicking on oxd-button oxd-button--medium oxd-button--main orangehrm-login-button
2022-10-23 13:41:18,771: INFO: Driver is quitting
2022-10-23 13:41:22,015: INFO: Driver quited
2022-10-23 13:43:03,121: INFO: ====== WebDriver manager ======
2022-10-23 13:43:56,853: INFO: Get LATEST geckodriver version for 105.0 firefox
2022-10-23 13:44:02,549: INFO: There is no [win64] geckodriver for browser 105.0 in cache
2022-10-23 13:44:02,550: INFO: Getting latest mozilla release info for v0.32.0
2022-10-23 13:44:02,953: INFO: About to download new driver from https://github.com/mozilla/geckodriver/releases/download/v0.32.0/geckodriver-v0.32.0-win64.zip
2022-10-23 13:44:10,823: INFO: Driver has been saved in cache [C:\Users\gogul\.wdm\drivers\geckodriver\win64\0.32]
2022-10-23 13:51:31,749: INFO: ====== WebDriver manager ======
2022-10-23 13:52:10,911: INFO: Get LATEST geckodriver version for 105.0 firefox
2022-10-23 13:52:20,163: INFO: Driver [C:\Users\gogul\.wdm\drivers\geckodriver\win64\0.32\geckodriver.exe] found in cache
2022-10-23 13:53:24,411: INFO: Navigating to https://opensource-demo.orangehrmlive.com/
2022-10-23 13:53:50,289: INFO: https://opensource-demo.orangehrmlive.com/ is opened
2022-10-23 13:53:50,292: INFO: Searching for element by xpath //input[@placeholder='Username']
2022-10-23 13:54:05,491: INFO: Element by xpath //input[@placeholder='Username'] was found
2022-10-23 13:54:06,100: INFO: None value is changing
2022-10-23 13:54:21,941: INFO: None was changed
2022-10-23 13:54:21,942: INFO: Searching for element by xpath //input[@placeholder='Password']
2022-10-23 13:54:26,583: INFO: Element by xpath //input[@placeholder='Password'] was found
2022-10-23 13:54:28,180: INFO: None value is changing
2022-10-23 13:54:29,904: INFO: None was changed
2022-10-23 13:54:29,906: INFO: Searching for element by xpath //button
2022-10-23 13:54:32,337: INFO: Element by xpath //button was found
2022-10-23 13:54:33,748: INFO: Clicking on oxd-button oxd-button--medium oxd-button--main orangehrm-login-button
2022-10-23 13:54:42,608: INFO: Searching for element by xpath //input[@placeholder='Username']
2022-10-23 13:54:44,836: INFO: Element by xpath //input[@placeholder='Username'] was found
2022-10-23 13:54:46,793: INFO: None value is changing
2022-10-23 13:54:48,486: INFO: None was changed
2022-10-23 13:54:48,488: INFO: Searching for element by xpath //input[@placeholder='Password']
2022-10-23 13:54:50,750: INFO: Element by xpath //input[@placeholder='Password'] was found
2022-10-23 13:54:50,978: INFO: None value is changing
2022-10-23 13:54:52,635: INFO: None was changed
2022-10-23 13:54:52,638: INFO: Searching for element by xpath //button
2022-10-23 13:54:52,657: INFO: Element by xpath //button was found
2022-10-23 13:54:53,688: INFO: Clicking on oxd-button oxd-button--medium oxd-button--main orangehrm-login-button
2022-10-23 13:55:00,606: INFO: Driver is quitting
2022-10-23 13:55:25,831: INFO: Driver quited
2022-10-23 13:56:35,865: INFO: ====== WebDriver manager ======
2022-10-23 13:57:05,054: INFO: Get LATEST geckodriver version for 105.0 firefox
2022-10-23 13:57:10,588: INFO: Driver [C:\Users\gogul\.wdm\drivers\geckodriver\win64\0.32\geckodriver.exe] found in cache
2022-10-23 13:59:41,822: INFO: ====== WebDriver manager ======
2022-10-23 14:00:07,107: INFO: Get LATEST geckodriver version for 105.0 firefox
2022-10-23 14:00:11,735: INFO: Driver [C:\Users\gogul\.wdm\drivers\geckodriver\win64\0.32\geckodriver.exe] found in cache
2022-10-23 14:00:47,507: INFO: Navigating to https://opensource-demo.orangehrmlive.com/
2022-10-23 14:01:04,552: INFO: https://opensource-demo.orangehrmlive.com/ is opened
2022-10-23 14:01:04,554: INFO: Searching for element by xpath //input[@placeholder='Username']
2022-10-23 14:01:10,368: INFO: Element by xpath //input[@placeholder='Username'] was found
2022-10-23 14:01:10,637: INFO: None value is changing
2022-10-23 14:01:12,314: INFO: None was changed
2022-10-23 14:01:12,317: INFO: Searching for element by xpath //input[@placeholder='Password']
2022-10-23 14:01:12,382: INFO: Element by xpath //input[@placeholder='Password'] was found
2022-10-23 14:01:12,394: INFO: None value is changing
2022-10-23 14:01:12,473: INFO: None was changed
2022-10-23 14:01:12,474: INFO: Searching for element by xpath //button
2022-10-23 14:01:12,789: INFO: Element by xpath //button was found
2022-10-23 14:01:12,838: INFO: Clicking on oxd-button oxd-button--medium oxd-button--main orangehrm-login-button
2022-10-23 14:01:15,948: INFO: Driver is quitting
2022-10-23 14:01:21,343: INFO: Driver quited
